<?xml version="1.0" encoding="UTF-8"?>
<!-- Generated by org.testng.reporters.JUnitXMLReporter -->
<testsuite ignored="0" hostname="Gfol" failures="1" tests="1" name="EcommercePageTestDemo" time="0.048" errors="0" timestamp="2025-07-25T23:12:46 CDT">
  <testcase classname="RegistrationTestCases" name="verifyRegistrationSignUp" time="0.0">
    <failure type="org.testng.TestNGException" message="
Cannot inject @Test annotated Method [verifyRegistrationSignUp] with [class java.lang.String, class java.lang.String].
For more information on native dependency injection please refer to https://testng.org/#_dependency_injection">
      <![CDATA[org.testng.TestNGException: 
Cannot inject @Test annotated Method [verifyRegistrationSignUp] with [class java.lang.String, class java.lang.String].
For more information on native dependency injection please refer to https://testng.org/#_dependency_injection
at java.base/java.util.ArrayList.forEach(ArrayList.java:1604)
at com.intellij.rt.testng.IDEARemoteTestNG.run(IDEARemoteTestNG.java:65)
at com.intellij.rt.testng.RemoteTestNGStarter.main(RemoteTestNGStarter.java:105)
... Removed 23 stack frames]]>
    </failure>
  </testcase> <!-- verifyRegistrationSignUp -->
</testsuite> <!-- EcommercePageTestDemo -->
