<?xml version="1.0" encoding="UTF-8"?>
<testng-results ignored="0" total="1" passed="1" failed="0" skipped="0">
  <reporter-output>
  </reporter-output>
  <suite started-at="2025-07-24T19:13:35 CDT" name="Default Suite" finished-at="2025-07-24T19:13:42 CDT" duration-ms="6612">
    <groups>
    </groups>
    <test started-at="2025-07-24T19:13:35 CDT" name="GuidedProject" finished-at="2025-07-24T19:13:42 CDT" duration-ms="6612">
      <class name="RegistrationTestCases">
        <test-method is-config="true" signature="openBrowser()[pri:0, instance:RegistrationTestCases@17a1e4ca]" started-at="2025-07-24T19:13:35 CDT" name="openBrowser" finished-at="2025-07-24T19:13:39 CDT" duration-ms="3354" status="PASS">
          <reporter-output>
          </reporter-output>
        </test-method> <!-- openBrowser -->
        <test-method signature="verifyRegistrationSignUp()[pri:0, instance:RegistrationTestCases@17a1e4ca]" started-at="2025-07-24T19:13:39 CDT" name="verifyRegistrationSignUp" finished-at="2025-07-24T19:13:41 CDT" duration-ms="2197" status="PASS">
          <reporter-output>
          </reporter-output>
        </test-method> <!-- verifyRegistrationSignUp -->
        <test-method is-config="true" signature="closeBrowser()[pri:0, instance:RegistrationTestCases@17a1e4ca]" started-at="2025-07-24T19:13:41 CDT" name="closeBrowser" finished-at="2025-07-24T19:13:42 CDT" duration-ms="999" status="PASS">
          <reporter-output>
          </reporter-output>
        </test-method> <!-- closeBrowser -->
      </class> <!-- RegistrationTestCases -->
    </test> <!-- GuidedProject -->
  </suite> <!-- Default Suite -->
</testng-results>
